2016-02-29 03:41:09,096 [16096] DEBUG R54IN0.WPF.MySqlBridge - WRITE_ONLY_SERVER CONNECTION SUCCESS
2016-02-29 03:41:09,096 [10596] DEBUG R54IN0.WPF.MySqlBridge - READ_ONLY_SERVER CONNECTION SUCCESS
2016-02-29 03:41:09,930 [14436] DEBUG R54IN0.WPF.MySqlBridge - SEND TO READ SERVER(SELA)
2016-02-29 03:41:10,130 [14436] DEBUG R54IN0.WPF.MySqlBridge - SEND TO READ SERVER(SELA)
2016-02-29 03:41:10,339 [14436] DEBUG R54IN0.WPF.MySqlBridge - SEND TO READ SERVER(SELA)
2016-02-29 03:41:10,545 [14436] DEBUG R54IN0.WPF.MySqlBridge - SEND TO READ SERVER(SELA)
2016-02-29 03:41:10,735 [14436] DEBUG R54IN0.WPF.MySqlBridge - SEND TO READ SERVER(SELA)
2016-02-29 03:41:10,902 [14436] DEBUG R54IN0.WPF.MySqlBridge - SEND TO READ SERVER(SELA)
2016-02-29 03:41:11,079 [14436] DEBUG R54IN0.WPF.MySqlBridge - SEND TO READ SERVER(SELA)
2016-02-29 03:41:11,241 [14436] DEBUG R54IN0.WPF.MySqlBridge - SEND TO READ SERVER(SELA)
2016-02-29 03:41:11,438 [14436] DEBUG R54IN0.WPF.MySqlBridge - SEND TO READ SERVER(SELA)
2016-02-29 03:41:17,900 [14436] DEBUG R54IN0.WPF.MySqlBridge - SEND TO READ SERVER(QUEV)
2016-02-29 03:41:18,104 [14436] DEBUG R54IN0.WPF.MySqlBridge - SEND TO READ SERVER(QUEF)
2016-02-29 03:41:23,429 [14436] DEBUG R54IN0.WPF.MySqlBridge - SEND TO READ SERVER(QUEV)
2016-02-29 03:41:27,395 [14436] DEBUG R54IN0.WPF.MySqlBridge - SEND TO READ SERVER(QUEV)
2016-02-29 03:41:28,366 [14436] DEBUG R54IN0.WPF.MySqlBridge - SEND TO READ SERVER(QUEV)
2016-02-29 03:41:29,381 [14436] DEBUG R54IN0.WPF.MySqlBridge - SEND TO READ SERVER(QUEF)
2016-02-29 03:41:30,883 [14436] DEBUG R54IN0.WPF.MySqlBridge - SEND TO READ SERVER(QUEF)
2016-02-29 03:41:32,799 [14436] DEBUG R54IN0.WPF.MySqlBridge - SEND TO READ SERVER(QUEF)
2016-02-29 03:41:35,528 [14436] DEBUG R54IN0.WPF.MySqlBridge - SEND TO READ SERVER(QUEF)
2016-02-29 03:41:36,765 [14436] DEBUG R54IN0.WPF.MySqlBridge - SEND TO READ SERVER(QUEF)
2016-02-29 03:41:37,942 [14436] DEBUG R54IN0.WPF.MySqlBridge - SEND TO READ SERVER(QUEF)
