2016-02-29 02:09:16,873 [12000] DEBUG DefaultBootstrap - The server instance ReadOnlyServer has been created!
2016-02-29 02:09:16,934 [12000] DEBUG ReadOnlyServer - The command PING(R54IN0.Server.PingCommand) has been discovered
2016-02-29 02:09:16,934 [12000] DEBUG ReadOnlyServer - The command QUEF(R54IN0.Server.QueryInstanceCommand) has been discovered
2016-02-29 02:09:16,934 [12000] DEBUG ReadOnlyServer - The command QUEV(R54IN0.Server.QueryValueCommand) has been discovered
2016-02-29 02:09:16,935 [12000] DEBUG ReadOnlyServer - The command SELA(R54IN0.Server.SelectAllCommand) has been discovered
2016-02-29 02:09:16,935 [12000] DEBUG ReadOnlyServer - The command SELO(R54IN0.Server.SelectCommand) has been discovered
2016-02-29 02:09:16,953 [12000] DEBUG DefaultBootstrap - The server instance ReadOnlyServer has been initialized!
2016-02-29 02:09:16,993 [12000] DEBUG DefaultBootstrap - The server instance WriteOnlyServer has been created!
2016-02-29 02:09:17,002 [12000] DEBUG WriteOnlyServer - The command DELT(R54IN0.Server.DeleteCommand) has been discovered
2016-02-29 02:09:17,003 [12000] DEBUG WriteOnlyServer - The command INST(R54IN0.Server.InsertCommand) has been discovered
2016-02-29 02:09:17,003 [12000] DEBUG WriteOnlyServer - The command UPDT(R54IN0.Server.UpdateCommand) has been discovered
2016-02-29 02:09:17,004 [12000] DEBUG DefaultBootstrap - The server instance WriteOnlyServer has been initialized!
2016-02-29 02:09:17,420 [12000] DEBUG DefaultBootstrap - The PerformanceMonitor has been initialized!
2016-02-29 02:09:17,421 [12000] DEBUG DefaultBootstrap - The Bootstrap has been initialized!
2016-02-29 02:09:17,456 [12000] DEBUG ReadOnlyServer - Listener (0.0.0.0:4000) was started
2016-02-29 02:09:17,458 [12000] DEBUG WriteOnlyServer - Listener (0.0.0.0:4001) was started
2016-02-29 02:09:17,462 [12000] DEBUG DefaultBootstrap - The PerformanceMonitor has been started!
2016-02-29 02:09:23,725 [13752] DEBUG ReadOnlyServer - R54IN0 FORMAT SENDING (TYPE: Customer, BYTE SIZE: 986)
2016-02-29 02:09:24,230 [9584] DEBUG ReadOnlyServer - R54IN0 FORMAT SENDING (TYPE: Employee, BYTE SIZE: 674)
2016-02-29 02:09:24,411 [13752] DEBUG ReadOnlyServer - R54IN0 FORMAT SENDING (TYPE: Maker, BYTE SIZE: 1151)
2016-02-29 02:09:24,584 [13332] DEBUG ReadOnlyServer - R54IN0 FORMAT SENDING (TYPE: Measure, BYTE SIZE: 360)
2016-02-29 02:09:24,800 [14448] DEBUG ReadOnlyServer - R54IN0 FORMAT SENDING (TYPE: Product, BYTE SIZE: 613)
2016-02-29 02:09:24,963 [9584] DEBUG ReadOnlyServer - R54IN0 FORMAT SENDING (TYPE: Project, BYTE SIZE: 497)
2016-02-29 02:09:25,138 [13752] DEBUG ReadOnlyServer - R54IN0 FORMAT SENDING (TYPE: Supplier, BYTE SIZE: 986)
2016-02-29 02:09:25,314 [13332] DEBUG ReadOnlyServer - R54IN0 FORMAT SENDING (TYPE: Warehouse, BYTE SIZE: 626)
2016-02-29 02:09:25,489 [14448] DEBUG ReadOnlyServer - R54IN0 FORMAT SENDING (TYPE: InventoryFormat, BYTE SIZE: 2622)
2016-02-29 02:14:01,809 [13752] DEBUG ReadOnlyServer - R54IN0 FORMAT SENDING (TYPE: Customer, BYTE SIZE: 986)
2016-02-29 02:14:05,576 [9584] DEBUG ReadOnlyServer - R54IN0 FORMAT SENDING (TYPE: Employee, BYTE SIZE: 674)
2016-02-29 02:14:08,469 [13752] DEBUG ReadOnlyServer - R54IN0 FORMAT SENDING (TYPE: Maker, BYTE SIZE: 1151)
2016-02-29 02:14:08,642 [8912] DEBUG ReadOnlyServer - R54IN0 FORMAT SENDING (TYPE: Measure, BYTE SIZE: 360)
2016-02-29 02:14:08,834 [13332] DEBUG ReadOnlyServer - R54IN0 FORMAT SENDING (TYPE: Product, BYTE SIZE: 613)
2016-02-29 02:14:08,995 [13752] DEBUG ReadOnlyServer - R54IN0 FORMAT SENDING (TYPE: Project, BYTE SIZE: 497)
2016-02-29 02:14:09,155 [8912] DEBUG ReadOnlyServer - R54IN0 FORMAT SENDING (TYPE: Supplier, BYTE SIZE: 986)
2016-02-29 02:14:09,314 [13332] DEBUG ReadOnlyServer - R54IN0 FORMAT SENDING (TYPE: Warehouse, BYTE SIZE: 626)
2016-02-29 02:14:09,482 [13752] DEBUG ReadOnlyServer - R54IN0 FORMAT SENDING (TYPE: InventoryFormat, BYTE SIZE: 2622)
2016-02-29 02:21:44,370 [5200] DEBUG DefaultBootstrap - The server instance ReadOnlyServer has been created!
2016-02-29 02:21:44,423 [5200] DEBUG ReadOnlyServer - The command PING(R54IN0.Server.PingCommand) has been discovered
2016-02-29 02:21:44,424 [5200] DEBUG ReadOnlyServer - The command QUEF(R54IN0.Server.QueryInstanceCommand) has been discovered
2016-02-29 02:21:44,424 [5200] DEBUG ReadOnlyServer - The command QUEV(R54IN0.Server.QueryValueCommand) has been discovered
2016-02-29 02:21:44,424 [5200] DEBUG ReadOnlyServer - The command SELA(R54IN0.Server.SelectAllCommand) has been discovered
2016-02-29 02:21:44,425 [5200] DEBUG ReadOnlyServer - The command SELO(R54IN0.Server.SelectCommand) has been discovered
2016-02-29 02:21:44,442 [5200] DEBUG DefaultBootstrap - The server instance ReadOnlyServer has been initialized!
2016-02-29 02:21:44,478 [5200] DEBUG DefaultBootstrap - The server instance WriteOnlyServer has been created!
2016-02-29 02:21:44,480 [5200] DEBUG WriteOnlyServer - The command DELT(R54IN0.Server.DeleteCommand) has been discovered
2016-02-29 02:21:44,480 [5200] DEBUG WriteOnlyServer - The command INST(R54IN0.Server.InsertCommand) has been discovered
2016-02-29 02:21:44,481 [5200] DEBUG WriteOnlyServer - The command UPDT(R54IN0.Server.UpdateCommand) has been discovered
2016-02-29 02:21:44,481 [5200] DEBUG DefaultBootstrap - The server instance WriteOnlyServer has been initialized!
2016-02-29 02:21:44,715 [5200] DEBUG DefaultBootstrap - The PerformanceMonitor has been initialized!
2016-02-29 02:21:44,715 [5200] DEBUG DefaultBootstrap - The Bootstrap has been initialized!
2016-02-29 02:21:44,742 [5200] DEBUG ReadOnlyServer - Listener (0.0.0.0:4000) was started
2016-02-29 02:21:44,749 [5200] DEBUG WriteOnlyServer - Listener (0.0.0.0:4001) was started
2016-02-29 02:21:44,753 [5200] DEBUG DefaultBootstrap - The PerformanceMonitor has been started!
2016-02-29 02:21:48,590 [15364] DEBUG ReadOnlyServer - R54IN0 FORMAT SENDING (TYPE: Customer, BYTE SIZE: 986)
2016-02-29 02:21:54,029 [2604] DEBUG ReadOnlyServer - R54IN0 FORMAT SENDING (TYPE: Employee, BYTE SIZE: 674)
2016-02-29 02:21:54,234 [12700] DEBUG ReadOnlyServer - R54IN0 FORMAT SENDING (TYPE: Maker, BYTE SIZE: 1151)
2016-02-29 02:21:54,409 [15364] DEBUG ReadOnlyServer - R54IN0 FORMAT SENDING (TYPE: Measure, BYTE SIZE: 360)
2016-02-29 02:21:54,606 [14076] DEBUG ReadOnlyServer - R54IN0 FORMAT SENDING (TYPE: Product, BYTE SIZE: 874)
2016-02-29 02:21:54,771 [15364] DEBUG ReadOnlyServer - R54IN0 FORMAT SENDING (TYPE: Project, BYTE SIZE: 497)
2016-02-29 02:21:54,958 [2604] DEBUG ReadOnlyServer - R54IN0 FORMAT SENDING (TYPE: Supplier, BYTE SIZE: 986)
2016-02-29 02:21:55,122 [15364] DEBUG ReadOnlyServer - R54IN0 FORMAT SENDING (TYPE: Warehouse, BYTE SIZE: 626)
2016-02-29 02:21:55,305 [12700] DEBUG ReadOnlyServer - R54IN0 FORMAT SENDING (TYPE: InventoryFormat, BYTE SIZE: 6872)
2016-02-29 02:28:00,950 [1724] DEBUG DefaultBootstrap - The server instance ReadOnlyServer has been created!
2016-02-29 02:28:01,005 [1724] DEBUG ReadOnlyServer - The command PING(R54IN0.Server.PingCommand) has been discovered
2016-02-29 02:28:01,005 [1724] DEBUG ReadOnlyServer - The command QUEF(R54IN0.Server.QueryInstanceCommand) has been discovered
2016-02-29 02:28:01,005 [1724] DEBUG ReadOnlyServer - The command QUEV(R54IN0.Server.QueryValueCommand) has been discovered
2016-02-29 02:28:01,006 [1724] DEBUG ReadOnlyServer - The command SELA(R54IN0.Server.SelectAllCommand) has been discovered
2016-02-29 02:28:01,006 [1724] DEBUG ReadOnlyServer - The command SELO(R54IN0.Server.SelectCommand) has been discovered
2016-02-29 02:28:01,025 [1724] DEBUG DefaultBootstrap - The server instance ReadOnlyServer has been initialized!
2016-02-29 02:28:01,060 [1724] DEBUG DefaultBootstrap - The server instance WriteOnlyServer has been created!
2016-02-29 02:28:01,063 [1724] DEBUG WriteOnlyServer - The command DELT(R54IN0.Server.DeleteCommand) has been discovered
2016-02-29 02:28:01,063 [1724] DEBUG WriteOnlyServer - The command INST(R54IN0.Server.InsertCommand) has been discovered
2016-02-29 02:28:01,063 [1724] DEBUG WriteOnlyServer - The command UPDT(R54IN0.Server.UpdateCommand) has been discovered
2016-02-29 02:28:01,064 [1724] DEBUG DefaultBootstrap - The server instance WriteOnlyServer has been initialized!
2016-02-29 02:28:01,300 [1724] DEBUG DefaultBootstrap - The PerformanceMonitor has been initialized!
2016-02-29 02:28:01,300 [1724] DEBUG DefaultBootstrap - The Bootstrap has been initialized!
2016-02-29 02:28:01,315 [1724] DEBUG ReadOnlyServer - Listener (0.0.0.0:4000) was started
2016-02-29 02:28:01,318 [1724] DEBUG WriteOnlyServer - Listener (0.0.0.0:4001) was started
2016-02-29 02:28:01,322 [1724] DEBUG DefaultBootstrap - The PerformanceMonitor has been started!
2016-02-29 02:28:09,239 [1472] DEBUG ReadOnlyServer - R54IN0 FORMAT SENDING (TYPE: Customer, BYTE SIZE: 986)
2016-02-29 02:28:09,941 [6872] DEBUG ReadOnlyServer - R54IN0 FORMAT SENDING (TYPE: Employee, BYTE SIZE: 674)
2016-02-29 02:28:10,150 [1472] DEBUG ReadOnlyServer - R54IN0 FORMAT SENDING (TYPE: Maker, BYTE SIZE: 1151)
2016-02-29 02:28:10,385 [13836] DEBUG ReadOnlyServer - R54IN0 FORMAT SENDING (TYPE: Measure, BYTE SIZE: 360)
2016-02-29 02:28:10,627 [16728] DEBUG ReadOnlyServer - R54IN0 FORMAT SENDING (TYPE: Product, BYTE SIZE: 874)
2016-02-29 02:28:10,805 [6872] DEBUG ReadOnlyServer - R54IN0 FORMAT SENDING (TYPE: Project, BYTE SIZE: 497)
2016-02-29 02:28:10,977 [1472] DEBUG ReadOnlyServer - R54IN0 FORMAT SENDING (TYPE: Supplier, BYTE SIZE: 986)
2016-02-29 02:28:11,142 [13836] DEBUG ReadOnlyServer - R54IN0 FORMAT SENDING (TYPE: Warehouse, BYTE SIZE: 626)
2016-02-29 02:28:11,329 [16728] DEBUG ReadOnlyServer - R54IN0 FORMAT SENDING (TYPE: InventoryFormat, BYTE SIZE: 6870)
2016-02-29 02:28:18,179 [6872] DEBUG ReadOnlyServer - R54IN0 FORMAT SENDING (TYPE: IOStockFormat, BYTE SIZE: 6935)
2016-02-29 02:29:37,934 [5040] DEBUG DefaultBootstrap - The server instance ReadOnlyServer has been created!
2016-02-29 02:29:37,990 [5040] DEBUG ReadOnlyServer - The command PING(R54IN0.Server.PingCommand) has been discovered
2016-02-29 02:29:37,990 [5040] DEBUG ReadOnlyServer - The command QUEF(R54IN0.Server.QueryInstanceCommand) has been discovered
2016-02-29 02:29:37,990 [5040] DEBUG ReadOnlyServer - The command QUEV(R54IN0.Server.QueryValueCommand) has been discovered
2016-02-29 02:29:37,991 [5040] DEBUG ReadOnlyServer - The command SELA(R54IN0.Server.SelectAllCommand) has been discovered
2016-02-29 02:29:37,991 [5040] DEBUG ReadOnlyServer - The command SELO(R54IN0.Server.SelectCommand) has been discovered
2016-02-29 02:29:38,009 [5040] DEBUG DefaultBootstrap - The server instance ReadOnlyServer has been initialized!
2016-02-29 02:29:38,044 [5040] DEBUG DefaultBootstrap - The server instance WriteOnlyServer has been created!
2016-02-29 02:29:38,046 [5040] DEBUG WriteOnlyServer - The command DELT(R54IN0.Server.DeleteCommand) has been discovered
2016-02-29 02:29:38,047 [5040] DEBUG WriteOnlyServer - The command INST(R54IN0.Server.InsertCommand) has been discovered
2016-02-29 02:29:38,047 [5040] DEBUG WriteOnlyServer - The command UPDT(R54IN0.Server.UpdateCommand) has been discovered
2016-02-29 02:29:38,048 [5040] DEBUG DefaultBootstrap - The server instance WriteOnlyServer has been initialized!
2016-02-29 02:29:38,279 [5040] DEBUG DefaultBootstrap - The PerformanceMonitor has been initialized!
2016-02-29 02:29:38,280 [5040] DEBUG DefaultBootstrap - The Bootstrap has been initialized!
2016-02-29 02:29:38,295 [5040] DEBUG ReadOnlyServer - Listener (0.0.0.0:4000) was started
2016-02-29 02:29:38,298 [5040] DEBUG WriteOnlyServer - Listener (0.0.0.0:4001) was started
2016-02-29 02:29:38,305 [5040] DEBUG DefaultBootstrap - The PerformanceMonitor has been started!
2016-02-29 02:29:42,374 [13112] DEBUG ReadOnlyServer - R54IN0 FORMAT SENDING (TYPE: Customer, BYTE SIZE: 986)
2016-02-29 02:29:42,974 [12408] DEBUG ReadOnlyServer - R54IN0 FORMAT SENDING (TYPE: Employee, BYTE SIZE: 674)
2016-02-29 02:29:43,168 [16544] DEBUG ReadOnlyServer - R54IN0 FORMAT SENDING (TYPE: Maker, BYTE SIZE: 1151)
2016-02-29 02:29:43,338 [16544] DEBUG ReadOnlyServer - R54IN0 FORMAT SENDING (TYPE: Measure, BYTE SIZE: 360)
2016-02-29 02:29:43,566 [17136] DEBUG ReadOnlyServer - R54IN0 FORMAT SENDING (TYPE: Product, BYTE SIZE: 874)
2016-02-29 02:29:43,732 [13112] DEBUG ReadOnlyServer - R54IN0 FORMAT SENDING (TYPE: Project, BYTE SIZE: 497)
2016-02-29 02:29:43,907 [12408] DEBUG ReadOnlyServer - R54IN0 FORMAT SENDING (TYPE: Supplier, BYTE SIZE: 986)
2016-02-29 02:29:44,071 [16544] DEBUG ReadOnlyServer - R54IN0 FORMAT SENDING (TYPE: Warehouse, BYTE SIZE: 626)
2016-02-29 02:29:44,247 [17136] DEBUG ReadOnlyServer - R54IN0 FORMAT SENDING (TYPE: InventoryFormat, BYTE SIZE: 6870)
2016-02-29 02:30:06,939 [16544] DEBUG ReadOnlyServer - R54IN0 FORMAT SENDING (TYPE: IOStockFormat, BYTE SIZE: 6935)
2016-02-29 02:31:18,260 [12408] DEBUG ReadOnlyServer - R54IN0 FORMAT SENDING (TYPE: Customer, BYTE SIZE: 986)
2016-02-29 02:31:18,488 [12408] DEBUG ReadOnlyServer - R54IN0 FORMAT SENDING (TYPE: Employee, BYTE SIZE: 674)
2016-02-29 02:31:18,709 [16544] DEBUG ReadOnlyServer - R54IN0 FORMAT SENDING (TYPE: Maker, BYTE SIZE: 1151)
2016-02-29 02:31:19,396 [17136] DEBUG ReadOnlyServer - R54IN0 FORMAT SENDING (TYPE: Measure, BYTE SIZE: 360)
2016-02-29 02:31:19,563 [13112] DEBUG ReadOnlyServer - R54IN0 FORMAT SENDING (TYPE: Product, BYTE SIZE: 874)
2016-02-29 02:31:19,808 [12408] DEBUG ReadOnlyServer - R54IN0 FORMAT SENDING (TYPE: Project, BYTE SIZE: 497)
2016-02-29 02:31:19,970 [16544] DEBUG ReadOnlyServer - R54IN0 FORMAT SENDING (TYPE: Supplier, BYTE SIZE: 986)
2016-02-29 02:31:20,157 [17136] DEBUG ReadOnlyServer - R54IN0 FORMAT SENDING (TYPE: Warehouse, BYTE SIZE: 626)
2016-02-29 02:31:20,338 [13112] DEBUG ReadOnlyServer - R54IN0 FORMAT SENDING (TYPE: InventoryFormat, BYTE SIZE: 6870)
2016-02-29 02:31:29,288 [13112] DEBUG ReadOnlyServer - R54IN0 FORMAT SENDING (TYPE: IOStockFormat, BYTE SIZE: 6935)
2016-02-29 02:32:56,461 [6640] DEBUG DefaultBootstrap - The server instance ReadOnlyServer has been created!
2016-02-29 02:32:56,514 [6640] DEBUG ReadOnlyServer - The command PING(R54IN0.Server.PingCommand) has been discovered
2016-02-29 02:32:56,514 [6640] DEBUG ReadOnlyServer - The command QUEF(R54IN0.Server.QueryInstanceCommand) has been discovered
2016-02-29 02:32:56,515 [6640] DEBUG ReadOnlyServer - The command QUEV(R54IN0.Server.QueryValueCommand) has been discovered
2016-02-29 02:32:56,515 [6640] DEBUG ReadOnlyServer - The command SELA(R54IN0.Server.SelectAllCommand) has been discovered
2016-02-29 02:32:56,515 [6640] DEBUG ReadOnlyServer - The command SELO(R54IN0.Server.SelectCommand) has been discovered
2016-02-29 02:32:56,533 [6640] DEBUG DefaultBootstrap - The server instance ReadOnlyServer has been initialized!
2016-02-29 02:32:56,568 [6640] DEBUG DefaultBootstrap - The server instance WriteOnlyServer has been created!
2016-02-29 02:32:56,570 [6640] DEBUG WriteOnlyServer - The command DELT(R54IN0.Server.DeleteCommand) has been discovered
2016-02-29 02:32:56,570 [6640] DEBUG WriteOnlyServer - The command INST(R54IN0.Server.InsertCommand) has been discovered
2016-02-29 02:32:56,570 [6640] DEBUG WriteOnlyServer - The command UPDT(R54IN0.Server.UpdateCommand) has been discovered
2016-02-29 02:32:56,571 [6640] DEBUG DefaultBootstrap - The server instance WriteOnlyServer has been initialized!
2016-02-29 02:32:56,803 [6640] DEBUG DefaultBootstrap - The PerformanceMonitor has been initialized!
2016-02-29 02:32:56,803 [6640] DEBUG DefaultBootstrap - The Bootstrap has been initialized!
2016-02-29 02:32:56,819 [6640] DEBUG ReadOnlyServer - Listener (0.0.0.0:4000) was started
2016-02-29 02:32:56,821 [6640] DEBUG WriteOnlyServer - Listener (0.0.0.0:4001) was started
2016-02-29 02:32:56,826 [6640] DEBUG DefaultBootstrap - The PerformanceMonitor has been started!
2016-02-29 02:33:02,014 [8076] DEBUG ReadOnlyServer - R54IN0 FORMAT SENDING (TYPE: Customer, BYTE SIZE: 986)
2016-02-29 02:33:02,697 [7644] DEBUG ReadOnlyServer - R54IN0 FORMAT SENDING (TYPE: Employee, BYTE SIZE: 674)
2016-02-29 02:33:02,897 [8076] DEBUG ReadOnlyServer - R54IN0 FORMAT SENDING (TYPE: Maker, BYTE SIZE: 1151)
2016-02-29 02:33:03,075 [1476] DEBUG ReadOnlyServer - R54IN0 FORMAT SENDING (TYPE: Measure, BYTE SIZE: 360)
2016-02-29 02:33:03,291 [2652] DEBUG ReadOnlyServer - R54IN0 FORMAT SENDING (TYPE: Product, BYTE SIZE: 874)
2016-02-29 02:33:03,472 [7644] DEBUG ReadOnlyServer - R54IN0 FORMAT SENDING (TYPE: Project, BYTE SIZE: 497)
2016-02-29 02:33:03,647 [8076] DEBUG ReadOnlyServer - R54IN0 FORMAT SENDING (TYPE: Supplier, BYTE SIZE: 986)
2016-02-29 02:33:03,814 [1476] DEBUG ReadOnlyServer - R54IN0 FORMAT SENDING (TYPE: Warehouse, BYTE SIZE: 626)
2016-02-29 02:33:04,024 [2652] DEBUG ReadOnlyServer - R54IN0 FORMAT SENDING (TYPE: InventoryFormat, BYTE SIZE: 6870)
2016-02-29 02:33:08,624 [8076] DEBUG ReadOnlyServer - R54IN0 FORMAT SENDING (TYPE: IOStockFormat, BYTE SIZE: 6935)
2016-02-29 02:35:16,818 [6640] DEBUG ReadOnlyServer - Listener (0.0.0.0:4000) was stoppped
2016-02-29 02:35:16,828 [6640] DEBUG WriteOnlyServer - Listener (0.0.0.0:4001) was stoppped
2016-02-29 02:35:16,829 [6640] DEBUG DefaultBootstrap - The PerformanceMonitor has been stoppped!
2016-02-29 02:36:50,023 [12684] DEBUG DefaultBootstrap - The server instance ReadOnlyServer has been created!
2016-02-29 02:36:50,086 [12684] DEBUG ReadOnlyServer - The command PING(R54IN0.Server.PingCommand) has been discovered
2016-02-29 02:36:50,087 [12684] DEBUG ReadOnlyServer - The command QUEF(R54IN0.Server.QueryInstanceCommand) has been discovered
2016-02-29 02:36:50,087 [12684] DEBUG ReadOnlyServer - The command QUEV(R54IN0.Server.QueryValueCommand) has been discovered
2016-02-29 02:36:50,087 [12684] DEBUG ReadOnlyServer - The command SELA(R54IN0.Server.SelectAllCommand) has been discovered
2016-02-29 02:36:50,088 [12684] DEBUG ReadOnlyServer - The command SELO(R54IN0.Server.SelectCommand) has been discovered
2016-02-29 02:36:50,107 [12684] DEBUG DefaultBootstrap - The server instance ReadOnlyServer has been initialized!
2016-02-29 02:36:50,152 [12684] DEBUG DefaultBootstrap - The server instance WriteOnlyServer has been created!
2016-02-29 02:36:50,154 [12684] DEBUG WriteOnlyServer - The command DELT(R54IN0.Server.DeleteCommand) has been discovered
2016-02-29 02:36:50,155 [12684] DEBUG WriteOnlyServer - The command INST(R54IN0.Server.InsertCommand) has been discovered
2016-02-29 02:36:50,155 [12684] DEBUG WriteOnlyServer - The command UPDT(R54IN0.Server.UpdateCommand) has been discovered
2016-02-29 02:36:50,156 [12684] DEBUG DefaultBootstrap - The server instance WriteOnlyServer has been initialized!
2016-02-29 02:36:50,409 [12684] DEBUG DefaultBootstrap - The PerformanceMonitor has been initialized!
2016-02-29 02:36:50,409 [12684] DEBUG DefaultBootstrap - The Bootstrap has been initialized!
2016-02-29 02:36:50,425 [12684] DEBUG ReadOnlyServer - Listener (0.0.0.0:4000) was started
2016-02-29 02:36:50,427 [12684] DEBUG WriteOnlyServer - Listener (0.0.0.0:4001) was started
2016-02-29 02:36:50,431 [12684] DEBUG DefaultBootstrap - The PerformanceMonitor has been started!
2016-02-29 02:36:53,885 [7724] DEBUG ReadOnlyServer - R54IN0 FORMAT SENDING (TYPE: Customer, BYTE SIZE: 986)
2016-02-29 02:36:54,482 [10832] DEBUG ReadOnlyServer - R54IN0 FORMAT SENDING (TYPE: Employee, BYTE SIZE: 674)
2016-02-29 02:36:54,706 [7724] DEBUG ReadOnlyServer - R54IN0 FORMAT SENDING (TYPE: Maker, BYTE SIZE: 1151)
2016-02-29 02:36:54,904 [15088] DEBUG ReadOnlyServer - R54IN0 FORMAT SENDING (TYPE: Measure, BYTE SIZE: 360)
2016-02-29 02:36:55,144 [2656] DEBUG ReadOnlyServer - R54IN0 FORMAT SENDING (TYPE: Product, BYTE SIZE: 874)
2016-02-29 02:36:55,330 [10832] DEBUG ReadOnlyServer - R54IN0 FORMAT SENDING (TYPE: Project, BYTE SIZE: 497)
2016-02-29 02:36:55,542 [10832] DEBUG ReadOnlyServer - R54IN0 FORMAT SENDING (TYPE: Supplier, BYTE SIZE: 986)
2016-02-29 02:36:55,730 [7724] DEBUG ReadOnlyServer - R54IN0 FORMAT SENDING (TYPE: Warehouse, BYTE SIZE: 626)
2016-02-29 02:36:55,933 [15088] DEBUG ReadOnlyServer - R54IN0 FORMAT SENDING (TYPE: InventoryFormat, BYTE SIZE: 6870)
2016-02-29 02:37:04,279 [2656] DEBUG ReadOnlyServer - R54IN0 FORMAT SENDING (TYPE: IOStockFormat, BYTE SIZE: 6935)
2016-02-29 02:37:29,055 [7724] DEBUG ReadOnlyServer - R54IN0 FORMAT SENDING (TYPE: IOStockFormat, BYTE SIZE: 11471)
2016-02-29 02:39:13,096 [15088] DEBUG ReadOnlyServer - R54IN0 FORMAT SENDING (TYPE: IOStockFormat, BYTE SIZE: 3911)
2016-02-29 02:40:10,813 [2656] DEBUG ReadOnlyServer - R54IN0 FORMAT SENDING (TYPE: Customer, BYTE SIZE: 986)
2016-02-29 02:40:11,048 [5804] DEBUG ReadOnlyServer - R54IN0 FORMAT SENDING (TYPE: Employee, BYTE SIZE: 674)
2016-02-29 02:40:11,227 [7724] DEBUG ReadOnlyServer - R54IN0 FORMAT SENDING (TYPE: Maker, BYTE SIZE: 1151)
2016-02-29 02:40:11,392 [15088] DEBUG ReadOnlyServer - R54IN0 FORMAT SENDING (TYPE: Measure, BYTE SIZE: 360)
2016-02-29 02:40:11,582 [10832] DEBUG ReadOnlyServer - R54IN0 FORMAT SENDING (TYPE: Product, BYTE SIZE: 874)
2016-02-29 02:40:11,742 [14820] DEBUG ReadOnlyServer - R54IN0 FORMAT SENDING (TYPE: Project, BYTE SIZE: 497)
2016-02-29 02:40:11,902 [2656] DEBUG ReadOnlyServer - R54IN0 FORMAT SENDING (TYPE: Supplier, BYTE SIZE: 986)
2016-02-29 02:40:12,085 [5804] DEBUG ReadOnlyServer - R54IN0 FORMAT SENDING (TYPE: Warehouse, BYTE SIZE: 626)
2016-02-29 02:40:12,260 [7724] DEBUG ReadOnlyServer - R54IN0 FORMAT SENDING (TYPE: InventoryFormat, BYTE SIZE: 6870)
2016-02-29 02:40:20,072 [14820] DEBUG ReadOnlyServer - R54IN0 FORMAT SENDING (TYPE: IOStockFormat, BYTE SIZE: 11471)
2016-02-29 02:40:30,206 [2656] DEBUG ReadOnlyServer - R54IN0 FORMAT SENDING (TYPE: IOStockFormat, BYTE SIZE: 6935)
2016-02-29 02:40:36,677 [7724] DEBUG ReadOnlyServer - R54IN0 FORMAT SENDING (TYPE: IOStockFormat, BYTE SIZE: 11471)
2016-02-29 02:42:33,272 [10832] DEBUG ReadOnlyServer - R54IN0 FORMAT SENDING (TYPE: IOStockFormat, BYTE SIZE: 6935)
2016-02-29 02:42:46,259 [10832] DEBUG ReadOnlyServer - R54IN0 FORMAT SENDING (TYPE: IOStockFormat, BYTE SIZE: 3911)
2016-02-29 02:43:02,246 [7724] DEBUG ReadOnlyServer - R54IN0 FORMAT SENDING (TYPE: IOStockFormat, BYTE SIZE: 5423)
2016-02-29 02:43:07,100 [10832] DEBUG ReadOnlyServer - R54IN0 FORMAT SENDING (TYPE: IOStockFormat, BYTE SIZE: 11471)
2016-02-29 02:45:17,757 [7724] DEBUG ReadOnlyServer - R54IN0 FORMAT SENDING (TYPE: Customer, BYTE SIZE: 986)
2016-02-29 02:45:18,020 [14820] DEBUG ReadOnlyServer - R54IN0 FORMAT SENDING (TYPE: Employee, BYTE SIZE: 674)
2016-02-29 02:45:18,765 [10832] DEBUG ReadOnlyServer - R54IN0 FORMAT SENDING (TYPE: Maker, BYTE SIZE: 1151)
2016-02-29 02:45:18,970 [5804] DEBUG ReadOnlyServer - R54IN0 FORMAT SENDING (TYPE: Measure, BYTE SIZE: 360)
2016-02-29 02:45:19,207 [15088] DEBUG ReadOnlyServer - R54IN0 FORMAT SENDING (TYPE: Product, BYTE SIZE: 874)
2016-02-29 02:45:19,393 [2656] DEBUG ReadOnlyServer - R54IN0 FORMAT SENDING (TYPE: Project, BYTE SIZE: 497)
2016-02-29 02:45:19,599 [7724] DEBUG ReadOnlyServer - R54IN0 FORMAT SENDING (TYPE: Supplier, BYTE SIZE: 986)
2016-02-29 02:45:19,779 [14820] DEBUG ReadOnlyServer - R54IN0 FORMAT SENDING (TYPE: Warehouse, BYTE SIZE: 626)
2016-02-29 02:45:19,965 [10832] DEBUG ReadOnlyServer - R54IN0 FORMAT SENDING (TYPE: InventoryFormat, BYTE SIZE: 6870)
2016-02-29 02:45:24,632 [2656] DEBUG ReadOnlyServer - R54IN0 FORMAT SENDING (TYPE: IOStockFormat, BYTE SIZE: 6935)
2016-02-29 02:45:31,179 [14820] DEBUG ReadOnlyServer - R54IN0 FORMAT SENDING (TYPE: IOStockFormat, BYTE SIZE: 3911)
2016-02-29 02:45:32,348 [7724] DEBUG ReadOnlyServer - R54IN0 FORMAT SENDING (TYPE: IOStockFormat, BYTE SIZE: 11471)
2016-02-29 02:45:35,863 [15088] DEBUG ReadOnlyServer - R54IN0 FORMAT SENDING (TYPE: IOStockFormat, BYTE SIZE: 5423)
2016-02-29 02:45:42,269 [14820] DEBUG ReadOnlyServer - R54IN0 FORMAT SENDING (TYPE: IOStockFormat, BYTE SIZE: 11471)
2016-02-29 02:45:52,563 [7724] DEBUG ReadOnlyServer - R54IN0 FORMAT SENDING (TYPE: IOStockFormat, BYTE SIZE: 5423)
2016-02-29 02:45:57,043 [7724] DEBUG ReadOnlyServer - R54IN0 FORMAT SENDING (TYPE: IOStockFormat, BYTE SIZE: 11471)
2016-02-29 02:46:06,955 [10832] DEBUG ReadOnlyServer - R54IN0 FORMAT SENDING (TYPE: IOStockFormat, BYTE SIZE: 11471)
2016-02-29 02:46:11,685 [5804] DEBUG ReadOnlyServer - R54IN0 FORMAT SENDING (TYPE: IOStockFormat, BYTE SIZE: 11471)
2016-02-29 02:47:55,138 [7724] DEBUG ReadOnlyServer - R54IN0 FORMAT SENDING (TYPE: Customer, BYTE SIZE: 986)
2016-02-29 02:47:55,395 [5804] DEBUG ReadOnlyServer - R54IN0 FORMAT SENDING (TYPE: Employee, BYTE SIZE: 674)
2016-02-29 02:47:55,582 [2656] DEBUG ReadOnlyServer - R54IN0 FORMAT SENDING (TYPE: Maker, BYTE SIZE: 1151)
2016-02-29 02:47:56,050 [5804] DEBUG ReadOnlyServer - R54IN0 FORMAT SENDING (TYPE: Measure, BYTE SIZE: 360)
2016-02-29 02:47:56,286 [2656] DEBUG ReadOnlyServer - R54IN0 FORMAT SENDING (TYPE: Product, BYTE SIZE: 874)
2016-02-29 02:47:56,468 [15088] DEBUG ReadOnlyServer - R54IN0 FORMAT SENDING (TYPE: Project, BYTE SIZE: 497)
2016-02-29 02:47:56,659 [14820] DEBUG ReadOnlyServer - R54IN0 FORMAT SENDING (TYPE: Supplier, BYTE SIZE: 986)
2016-02-29 02:47:56,836 [10832] DEBUG ReadOnlyServer - R54IN0 FORMAT SENDING (TYPE: Warehouse, BYTE SIZE: 626)
2016-02-29 02:47:57,065 [7724] DEBUG ReadOnlyServer - R54IN0 FORMAT SENDING (TYPE: InventoryFormat, BYTE SIZE: 6870)
2016-02-29 02:48:04,434 [7724] DEBUG ReadOnlyServer - R54IN0 FORMAT SENDING (TYPE: IOStockFormat, BYTE SIZE: 5423)
2016-02-29 02:48:05,236 [15088] DEBUG ReadOnlyServer - R54IN0 FORMAT SENDING (TYPE: IOStockFormat, BYTE SIZE: 6935)
2016-02-29 02:48:08,657 [15088] DEBUG ReadOnlyServer - R54IN0 FORMAT SENDING (TYPE: IOStockFormat, BYTE SIZE: 3911)
2016-02-29 02:48:11,620 [15088] DEBUG ReadOnlyServer - R54IN0 FORMAT SENDING (TYPE: IOStockFormat, BYTE SIZE: 11471)
2016-02-29 02:48:21,129 [10832] DEBUG ReadOnlyServer - R54IN0 FORMAT SENDING (TYPE: IOStockFormat, BYTE SIZE: 11471)
2016-02-29 02:48:23,834 [7724] DEBUG ReadOnlyServer - R54IN0 FORMAT SENDING (TYPE: IOStockFormat, BYTE SIZE: 11471)
2016-02-29 02:48:25,911 [5804] DEBUG ReadOnlyServer - R54IN0 FORMAT SENDING (TYPE: IOStockFormat, BYTE SIZE: 11471)
2016-02-29 02:48:27,520 [15088] DEBUG ReadOnlyServer - R54IN0 FORMAT SENDING (TYPE: IOStockFormat, BYTE SIZE: 11471)
2016-02-29 02:48:29,324 [2656] DEBUG ReadOnlyServer - R54IN0 FORMAT SENDING (TYPE: IOStockFormat, BYTE SIZE: 11471)
2016-02-29 02:48:30,883 [7724] DEBUG ReadOnlyServer - R54IN0 FORMAT SENDING (TYPE: IOStockFormat, BYTE SIZE: 11471)
2016-02-29 02:48:32,946 [14820] DEBUG ReadOnlyServer - R54IN0 FORMAT SENDING (TYPE: IOStockFormat, BYTE SIZE: 11471)
2016-02-29 02:48:35,010 [5804] DEBUG ReadOnlyServer - R54IN0 FORMAT SENDING (TYPE: IOStockFormat, BYTE SIZE: 11471)
2016-02-29 02:48:39,376 [14820] DEBUG ReadOnlyServer - R54IN0 FORMAT SENDING (TYPE: IOStockFormat, BYTE SIZE: 11471)
2016-02-29 02:48:41,088 [15088] DEBUG ReadOnlyServer - R54IN0 FORMAT SENDING (TYPE: IOStockFormat, BYTE SIZE: 11471)
2016-02-29 02:48:42,829 [10832] DEBUG ReadOnlyServer - R54IN0 FORMAT SENDING (TYPE: IOStockFormat, BYTE SIZE: 11471)
2016-02-29 02:48:45,578 [5804] DEBUG ReadOnlyServer - R54IN0 FORMAT SENDING (TYPE: IOStockFormat, BYTE SIZE: 2399)
2016-02-29 02:48:48,421 [14820] DEBUG ReadOnlyServer - R54IN0 FORMAT SENDING (TYPE: IOStockFormat, BYTE SIZE: 11471)
2016-02-29 02:48:49,341 [7724] DEBUG ReadOnlyServer - R54IN0 FORMAT SENDING (TYPE: IOStockFormat, BYTE SIZE: 11471)
2016-02-29 02:48:50,575 [5804] DEBUG ReadOnlyServer - R54IN0 FORMAT SENDING (TYPE: IOStockFormat, BYTE SIZE: 11471)
2016-02-29 02:48:51,858 [2656] DEBUG ReadOnlyServer - R54IN0 FORMAT SENDING (TYPE: IOStockFormat, BYTE SIZE: 11471)
2016-02-29 02:48:53,145 [5804] DEBUG ReadOnlyServer - R54IN0 FORMAT SENDING (TYPE: IOStockFormat, BYTE SIZE: 11471)
2016-02-29 02:48:54,459 [14820] DEBUG ReadOnlyServer - R54IN0 FORMAT SENDING (TYPE: IOStockFormat, BYTE SIZE: 11471)
2016-02-29 02:48:55,780 [5804] DEBUG ReadOnlyServer - R54IN0 FORMAT SENDING (TYPE: IOStockFormat, BYTE SIZE: 11471)
2016-02-29 02:48:57,811 [14820] DEBUG ReadOnlyServer - R54IN0 FORMAT SENDING (TYPE: IOStockFormat, BYTE SIZE: 11471)
2016-02-29 02:48:59,873 [2656] DEBUG ReadOnlyServer - R54IN0 FORMAT SENDING (TYPE: IOStockFormat, BYTE SIZE: 11471)
2016-02-29 02:49:05,616 [14820] DEBUG ReadOnlyServer - R54IN0 FORMAT SENDING (TYPE: IOStockFormat, BYTE SIZE: 11471)
2016-02-29 02:49:07,332 [7724] DEBUG ReadOnlyServer - R54IN0 FORMAT SENDING (TYPE: IOStockFormat, BYTE SIZE: 11471)
2016-02-29 02:49:09,096 [14820] DEBUG ReadOnlyServer - R54IN0 FORMAT SENDING (TYPE: IOStockFormat, BYTE SIZE: 11471)
2016-02-29 02:49:10,926 [15088] DEBUG ReadOnlyServer - R54IN0 FORMAT SENDING (TYPE: IOStockFormat, BYTE SIZE: 11471)
2016-02-29 02:49:12,782 [14820] DEBUG ReadOnlyServer - R54IN0 FORMAT SENDING (TYPE: IOStockFormat, BYTE SIZE: 11471)
2016-02-29 02:49:14,653 [2656] DEBUG ReadOnlyServer - R54IN0 FORMAT SENDING (TYPE: IOStockFormat, BYTE SIZE: 11471)
2016-02-29 02:49:17,534 [5804] DEBUG ReadOnlyServer - R54IN0 FORMAT SENDING (TYPE: IOStockFormat, BYTE SIZE: 11471)
2016-02-29 02:49:19,961 [7724] DEBUG ReadOnlyServer - R54IN0 FORMAT SENDING (TYPE: IOStockFormat, BYTE SIZE: 11471)
2016-02-29 02:49:21,792 [5804] DEBUG ReadOnlyServer - R54IN0 FORMAT SENDING (TYPE: IOStockFormat, BYTE SIZE: 11471)
2016-02-29 02:49:29,866 [10832] DEBUG ReadOnlyServer - R54IN0 FORMAT SENDING (TYPE: IOStockFormat, BYTE SIZE: 11471)
2016-02-29 02:49:40,422 [15088] DEBUG ReadOnlyServer - R54IN0 FORMAT SENDING (TYPE: IOStockFormat, BYTE SIZE: 10715)
2016-02-29 02:50:11,993 [7724] DEBUG ReadOnlyServer - R54IN0 FORMAT SENDING (TYPE: IOStockFormat, BYTE SIZE: 11471)
2016-02-29 02:50:14,771 [10832] DEBUG ReadOnlyServer - R54IN0 FORMAT SENDING (TYPE: IOStockFormat, BYTE SIZE: 2021)
2016-02-29 02:50:18,187 [10832] DEBUG ReadOnlyServer - R54IN0 FORMAT SENDING (TYPE: IOStockFormat, BYTE SIZE: 11471)
2016-02-29 02:50:23,380 [7724] DEBUG ReadOnlyServer - R54IN0 FORMAT SENDING (TYPE: IOStockFormat, BYTE SIZE: 2399)
2016-02-29 02:50:26,004 [5804] DEBUG ReadOnlyServer - R54IN0 FORMAT SENDING (TYPE: IOStockFormat, BYTE SIZE: 11471)
2016-02-29 02:50:28,704 [14820] DEBUG ReadOnlyServer - R54IN0 FORMAT SENDING (TYPE: IOStockFormat, BYTE SIZE: 2399)
2016-02-29 02:50:30,327 [15088] DEBUG ReadOnlyServer - R54IN0 FORMAT SENDING (TYPE: IOStockFormat, BYTE SIZE: 11471)
2016-02-29 02:51:04,781 [2656] DEBUG ReadOnlyServer - R54IN0 FORMAT SENDING (TYPE: IOStockFormat, BYTE SIZE: 11471)
2016-02-29 02:51:08,840 [7724] DEBUG ReadOnlyServer - R54IN0 FORMAT SENDING (TYPE: IOStockFormat, BYTE SIZE: 11471)
2016-02-29 02:51:15,559 [14820] DEBUG ReadOnlyServer - R54IN0 FORMAT SENDING (TYPE: IOStockFormat, BYTE SIZE: 11471)
2016-02-29 02:51:20,852 [14820] DEBUG ReadOnlyServer - R54IN0 FORMAT SENDING (TYPE: IOStockFormat, BYTE SIZE: 11471)
2016-02-29 02:51:25,237 [10832] DEBUG ReadOnlyServer - R54IN0 FORMAT SENDING (TYPE: IOStockFormat, BYTE SIZE: 11471)
2016-02-29 02:51:29,742 [7724] DEBUG ReadOnlyServer - R54IN0 FORMAT SENDING (TYPE: IOStockFormat, BYTE SIZE: 11471)
2016-02-29 02:52:04,310 [10832] DEBUG ReadOnlyServer - R54IN0 FORMAT SENDING (TYPE: Customer, BYTE SIZE: 986)
2016-02-29 02:52:04,522 [15088] DEBUG ReadOnlyServer - R54IN0 FORMAT SENDING (TYPE: Employee, BYTE SIZE: 674)
2016-02-29 02:52:04,711 [7724] DEBUG ReadOnlyServer - R54IN0 FORMAT SENDING (TYPE: Maker, BYTE SIZE: 1151)
2016-02-29 02:52:04,875 [2656] DEBUG ReadOnlyServer - R54IN0 FORMAT SENDING (TYPE: Measure, BYTE SIZE: 360)
2016-02-29 02:52:05,069 [5804] DEBUG ReadOnlyServer - R54IN0 FORMAT SENDING (TYPE: Product, BYTE SIZE: 874)
2016-02-29 02:52:05,229 [14820] DEBUG ReadOnlyServer - R54IN0 FORMAT SENDING (TYPE: Project, BYTE SIZE: 497)
2016-02-29 02:52:05,397 [10832] DEBUG ReadOnlyServer - R54IN0 FORMAT SENDING (TYPE: Supplier, BYTE SIZE: 986)
2016-02-29 02:52:05,564 [15088] DEBUG ReadOnlyServer - R54IN0 FORMAT SENDING (TYPE: Warehouse, BYTE SIZE: 626)
2016-02-29 02:52:05,733 [10832] DEBUG ReadOnlyServer - R54IN0 FORMAT SENDING (TYPE: InventoryFormat, BYTE SIZE: 6870)
2016-02-29 02:52:11,260 [10832] DEBUG ReadOnlyServer - R54IN0 FORMAT SENDING (TYPE: IOStockFormat, BYTE SIZE: 12227)
2016-02-29 02:52:34,977 [14820] DEBUG ReadOnlyServer - R54IN0 FORMAT SENDING (TYPE: Customer, BYTE SIZE: 986)
2016-02-29 02:52:35,271 [5804] DEBUG ReadOnlyServer - R54IN0 FORMAT SENDING (TYPE: Employee, BYTE SIZE: 674)
2016-02-29 02:52:35,495 [10832] DEBUG ReadOnlyServer - R54IN0 FORMAT SENDING (TYPE: Maker, BYTE SIZE: 1151)
2016-02-29 02:52:36,024 [5804] DEBUG ReadOnlyServer - R54IN0 FORMAT SENDING (TYPE: Measure, BYTE SIZE: 360)
2016-02-29 02:52:36,274 [10832] DEBUG ReadOnlyServer - R54IN0 FORMAT SENDING (TYPE: Product, BYTE SIZE: 874)
2016-02-29 02:52:36,463 [15088] DEBUG ReadOnlyServer - R54IN0 FORMAT SENDING (TYPE: Project, BYTE SIZE: 497)
2016-02-29 02:52:36,680 [2656] DEBUG ReadOnlyServer - R54IN0 FORMAT SENDING (TYPE: Supplier, BYTE SIZE: 986)
2016-02-29 02:52:36,876 [7724] DEBUG ReadOnlyServer - R54IN0 FORMAT SENDING (TYPE: Warehouse, BYTE SIZE: 626)
2016-02-29 02:52:37,068 [14820] DEBUG ReadOnlyServer - R54IN0 FORMAT SENDING (TYPE: InventoryFormat, BYTE SIZE: 6870)
2016-02-29 02:52:47,188 [2656] DEBUG ReadOnlyServer - R54IN0 FORMAT SENDING (TYPE: IOStockFormat, BYTE SIZE: 3911)
2016-02-29 02:53:01,276 [10832] DEBUG ReadOnlyServer - R54IN0 FORMAT SENDING (TYPE: IOStockFormat, BYTE SIZE: 3911)
2016-02-29 02:53:02,286 [15088] DEBUG ReadOnlyServer - R54IN0 FORMAT SENDING (TYPE: IOStockFormat, BYTE SIZE: 3911)
2016-02-29 02:53:03,984 [2656] DEBUG ReadOnlyServer - R54IN0 FORMAT SENDING (TYPE: IOStockFormat, BYTE SIZE: 3911)
2016-02-29 02:53:04,759 [7724] DEBUG ReadOnlyServer - R54IN0 FORMAT SENDING (TYPE: IOStockFormat, BYTE SIZE: 3911)
2016-02-29 02:53:05,381 [5804] DEBUG ReadOnlyServer - R54IN0 FORMAT SENDING (TYPE: IOStockFormat, BYTE SIZE: 3911)
2016-02-29 02:53:05,938 [7724] DEBUG ReadOnlyServer - R54IN0 FORMAT SENDING (TYPE: IOStockFormat, BYTE SIZE: 3911)
2016-02-29 02:53:07,257 [5804] DEBUG ReadOnlyServer - R54IN0 FORMAT SENDING (TYPE: IOStockFormat, BYTE SIZE: 3911)
2016-02-29 02:53:08,381 [2656] DEBUG ReadOnlyServer - R54IN0 FORMAT SENDING (TYPE: IOStockFormat, BYTE SIZE: 2399)
2016-02-29 02:53:09,919 [15088] DEBUG ReadOnlyServer - R54IN0 FORMAT SENDING (TYPE: IOStockFormat, BYTE SIZE: 2399)
2016-02-29 02:53:10,304 [14820] DEBUG ReadOnlyServer - R54IN0 FORMAT SENDING (TYPE: IOStockFormat, BYTE SIZE: 2399)
2016-02-29 02:53:12,616 [15088] DEBUG ReadOnlyServer - R54IN0 FORMAT SENDING (TYPE: IOStockFormat, BYTE SIZE: 3911)
2016-02-29 02:53:13,050 [14820] DEBUG ReadOnlyServer - R54IN0 FORMAT SENDING (TYPE: IOStockFormat, BYTE SIZE: 3911)
2016-02-29 02:53:13,507 [10832] DEBUG ReadOnlyServer - R54IN0 FORMAT SENDING (TYPE: IOStockFormat, BYTE SIZE: 3911)
2016-02-29 02:53:33,849 [5804] DEBUG ReadOnlyServer - R54IN0 FORMAT SENDING (TYPE: Customer, BYTE SIZE: 986)
2016-02-29 02:53:34,109 [10832] DEBUG ReadOnlyServer - R54IN0 FORMAT SENDING (TYPE: Employee, BYTE SIZE: 674)
2016-02-29 02:53:34,709 [7724] DEBUG ReadOnlyServer - R54IN0 FORMAT SENDING (TYPE: Maker, BYTE SIZE: 1151)
2016-02-29 02:53:34,909 [15088] DEBUG ReadOnlyServer - R54IN0 FORMAT SENDING (TYPE: Measure, BYTE SIZE: 360)
2016-02-29 02:53:35,139 [2656] DEBUG ReadOnlyServer - R54IN0 FORMAT SENDING (TYPE: Product, BYTE SIZE: 874)
2016-02-29 02:53:35,340 [14820] DEBUG ReadOnlyServer - R54IN0 FORMAT SENDING (TYPE: Project, BYTE SIZE: 497)
2016-02-29 02:53:35,538 [5804] DEBUG ReadOnlyServer - R54IN0 FORMAT SENDING (TYPE: Supplier, BYTE SIZE: 986)
2016-02-29 02:53:35,732 [14820] DEBUG ReadOnlyServer - R54IN0 FORMAT SENDING (TYPE: Warehouse, BYTE SIZE: 626)
2016-02-29 02:53:35,943 [5804] DEBUG ReadOnlyServer - R54IN0 FORMAT SENDING (TYPE: InventoryFormat, BYTE SIZE: 6870)
2016-02-29 02:53:43,911 [5804] DEBUG ReadOnlyServer - R54IN0 FORMAT SENDING (TYPE: IOStockFormat, BYTE SIZE: 11849)
2016-02-29 02:53:46,635 [7724] DEBUG ReadOnlyServer - R54IN0 FORMAT SENDING (TYPE: IOStockFormat, BYTE SIZE: 11849)
2016-02-29 02:53:51,319 [5804] DEBUG ReadOnlyServer - R54IN0 FORMAT SENDING (TYPE: IOStockFormat, BYTE SIZE: 1643)
2016-02-29 02:53:52,304 [15088] DEBUG ReadOnlyServer - R54IN0 FORMAT SENDING (TYPE: IOStockFormat, BYTE SIZE: 11849)
2016-02-29 02:54:04,882 [10832] DEBUG ReadOnlyServer - R54IN0 FORMAT SENDING (TYPE: IOStockFormat, BYTE SIZE: 5423)
2016-02-29 02:56:23,935 [10832] DEBUG ReadOnlyServer - R54IN0 FORMAT SENDING (TYPE: Customer, BYTE SIZE: 986)
2016-02-29 02:56:24,148 [14820] DEBUG ReadOnlyServer - R54IN0 FORMAT SENDING (TYPE: Employee, BYTE SIZE: 674)
2016-02-29 02:56:24,649 [7724] DEBUG ReadOnlyServer - R54IN0 FORMAT SENDING (TYPE: Maker, BYTE SIZE: 1151)
2016-02-29 02:56:24,824 [5804] DEBUG ReadOnlyServer - R54IN0 FORMAT SENDING (TYPE: Measure, BYTE SIZE: 360)
2016-02-29 02:56:25,031 [2656] DEBUG ReadOnlyServer - R54IN0 FORMAT SENDING (TYPE: Product, BYTE SIZE: 874)
2016-02-29 02:56:25,214 [15088] DEBUG ReadOnlyServer - R54IN0 FORMAT SENDING (TYPE: Project, BYTE SIZE: 497)
2016-02-29 02:56:25,401 [10832] DEBUG ReadOnlyServer - R54IN0 FORMAT SENDING (TYPE: Supplier, BYTE SIZE: 986)
2016-02-29 02:56:25,615 [14820] DEBUG ReadOnlyServer - R54IN0 FORMAT SENDING (TYPE: Warehouse, BYTE SIZE: 626)
2016-02-29 02:56:25,811 [5804] DEBUG ReadOnlyServer - R54IN0 FORMAT SENDING (TYPE: InventoryFormat, BYTE SIZE: 6870)
2016-02-29 02:56:30,595 [15088] DEBUG ReadOnlyServer - R54IN0 FORMAT SENDING (TYPE: IOStockFormat, BYTE SIZE: 5423)
2016-02-29 02:56:31,682 [15088] DEBUG ReadOnlyServer - R54IN0 FORMAT SENDING (TYPE: IOStockFormat, BYTE SIZE: 6935)
2016-02-29 02:56:32,683 [7724] DEBUG ReadOnlyServer - R54IN0 FORMAT SENDING (TYPE: IOStockFormat, BYTE SIZE: 6935)
2016-02-29 02:56:33,572 [14820] DEBUG ReadOnlyServer - R54IN0 FORMAT SENDING (TYPE: IOStockFormat, BYTE SIZE: 6935)
2016-02-29 03:27:18,829 [15088] DEBUG ReadOnlyServer - R54IN0 FORMAT SENDING (TYPE: Customer, BYTE SIZE: 986)
2016-02-29 03:27:19,080 [10832] DEBUG ReadOnlyServer - R54IN0 FORMAT SENDING (TYPE: Employee, BYTE SIZE: 674)
2016-02-29 03:27:19,256 [5804] DEBUG ReadOnlyServer - R54IN0 FORMAT SENDING (TYPE: Maker, BYTE SIZE: 1151)
2016-02-29 03:27:19,777 [2656] DEBUG ReadOnlyServer - R54IN0 FORMAT SENDING (TYPE: Measure, BYTE SIZE: 360)
2016-02-29 03:27:19,994 [14820] DEBUG ReadOnlyServer - R54IN0 FORMAT SENDING (TYPE: Product, BYTE SIZE: 874)
2016-02-29 03:27:20,178 [7724] DEBUG ReadOnlyServer - R54IN0 FORMAT SENDING (TYPE: Project, BYTE SIZE: 497)
2016-02-29 03:27:20,378 [15088] DEBUG ReadOnlyServer - R54IN0 FORMAT SENDING (TYPE: Supplier, BYTE SIZE: 986)
2016-02-29 03:27:20,575 [10832] DEBUG ReadOnlyServer - R54IN0 FORMAT SENDING (TYPE: Warehouse, BYTE SIZE: 626)
2016-02-29 03:27:20,774 [5804] DEBUG ReadOnlyServer - R54IN0 FORMAT SENDING (TYPE: InventoryFormat, BYTE SIZE: 6870)
2016-02-29 03:27:26,136 [5804] DEBUG ReadOnlyServer - R54IN0 FORMAT SENDING (TYPE: IOStockFormat, BYTE SIZE: 6179)
2016-02-29 03:27:27,503 [5804] DEBUG ReadOnlyServer - R54IN0 FORMAT SENDING (TYPE: IOStockFormat, BYTE SIZE: 5423)
2016-02-29 03:27:28,266 [14820] DEBUG ReadOnlyServer - R54IN0 FORMAT SENDING (TYPE: IOStockFormat, BYTE SIZE: 5423)
2016-02-29 03:27:29,989 [7724] DEBUG ReadOnlyServer - R54IN0 FORMAT SENDING (TYPE: IOStockFormat, BYTE SIZE: 3911)
2016-02-29 03:27:32,229 [7724] DEBUG ReadOnlyServer - R54IN0 FORMAT SENDING (TYPE: IOStockFormat, BYTE SIZE: 11471)
2016-02-29 03:27:38,049 [14820] DEBUG ReadOnlyServer - R54IN0 FORMAT SENDING (TYPE: IOStockFormat, BYTE SIZE: 11849)
2016-02-29 03:27:42,113 [15088] DEBUG ReadOnlyServer - R54IN0 FORMAT SENDING (TYPE: IOStockFormat, BYTE SIZE: 11849)
2016-02-29 03:27:43,918 [14820] DEBUG ReadOnlyServer - R54IN0 FORMAT SENDING (TYPE: IOStockFormat, BYTE SIZE: 11849)
2016-02-29 03:27:47,009 [15088] DEBUG ReadOnlyServer - R54IN0 FORMAT SENDING (TYPE: IOStockFormat, BYTE SIZE: 11849)
2016-02-29 03:27:50,871 [5804] DEBUG ReadOnlyServer - R54IN0 FORMAT SENDING (TYPE: IOStockFormat, BYTE SIZE: 11849)
2016-02-29 03:27:54,326 [10832] DEBUG ReadOnlyServer - R54IN0 FORMAT SENDING (TYPE: IOStockFormat, BYTE SIZE: 4289)
2016-02-29 03:28:01,185 [15088] DEBUG ReadOnlyServer - R54IN0 FORMAT SENDING (TYPE: IOStockFormat, BYTE SIZE: 4289)
2016-02-29 03:28:01,727 [2656] DEBUG ReadOnlyServer - R54IN0 FORMAT SENDING (TYPE: IOStockFormat, BYTE SIZE: 11849)
2016-02-29 03:28:02,796 [15088] DEBUG ReadOnlyServer - R54IN0 FORMAT SENDING (TYPE: IOStockFormat, BYTE SIZE: 11849)
2016-02-29 03:28:04,123 [7724] DEBUG ReadOnlyServer - R54IN0 FORMAT SENDING (TYPE: IOStockFormat, BYTE SIZE: 11849)
2016-02-29 03:28:05,463 [10832] DEBUG ReadOnlyServer - R54IN0 FORMAT SENDING (TYPE: IOStockFormat, BYTE SIZE: 11849)
2016-02-29 03:28:07,554 [7724] DEBUG ReadOnlyServer - R54IN0 FORMAT SENDING (TYPE: IOStockFormat, BYTE SIZE: 11849)
2016-02-29 03:28:11,000 [14820] DEBUG ReadOnlyServer - R54IN0 FORMAT SENDING (TYPE: IOStockFormat, BYTE SIZE: 5423)
2016-02-29 03:28:14,739 [14820] DEBUG ReadOnlyServer - R54IN0 FORMAT SENDING (TYPE: IOStockFormat, BYTE SIZE: 9203)
2016-02-29 03:30:49,946 [9072] DEBUG DefaultBootstrap - The server instance ReadOnlyServer has been created!
2016-02-29 03:30:49,999 [9072] DEBUG ReadOnlyServer - The command PING(R54IN0.Server.PingCommand) has been discovered
2016-02-29 03:30:50,000 [9072] DEBUG ReadOnlyServer - The command QUEF(R54IN0.Server.QueryInstanceCommand) has been discovered
2016-02-29 03:30:50,000 [9072] DEBUG ReadOnlyServer - The command QUEV(R54IN0.Server.QueryValueCommand) has been discovered
2016-02-29 03:30:50,000 [9072] DEBUG ReadOnlyServer - The command SELA(R54IN0.Server.SelectAllCommand) has been discovered
2016-02-29 03:30:50,001 [9072] DEBUG ReadOnlyServer - The command SELO(R54IN0.Server.SelectCommand) has been discovered
2016-02-29 03:30:50,021 [9072] DEBUG DefaultBootstrap - The server instance ReadOnlyServer has been initialized!
2016-02-29 03:30:50,067 [9072] DEBUG DefaultBootstrap - The server instance WriteOnlyServer has been created!
2016-02-29 03:30:50,070 [9072] DEBUG WriteOnlyServer - The command DELT(R54IN0.Server.DeleteCommand) has been discovered
2016-02-29 03:30:50,070 [9072] DEBUG WriteOnlyServer - The command INST(R54IN0.Server.InsertCommand) has been discovered
2016-02-29 03:30:50,070 [9072] DEBUG WriteOnlyServer - The command UPDT(R54IN0.Server.UpdateCommand) has been discovered
2016-02-29 03:30:50,071 [9072] DEBUG DefaultBootstrap - The server instance WriteOnlyServer has been initialized!
2016-02-29 03:30:50,341 [9072] DEBUG DefaultBootstrap - The PerformanceMonitor has been initialized!
2016-02-29 03:30:50,342 [9072] DEBUG DefaultBootstrap - The Bootstrap has been initialized!
2016-02-29 03:30:50,358 [9072] DEBUG ReadOnlyServer - Listener (0.0.0.0:4000) was started
2016-02-29 03:30:50,361 [9072] DEBUG WriteOnlyServer - Listener (0.0.0.0:4001) was started
2016-02-29 03:30:50,365 [9072] DEBUG DefaultBootstrap - The PerformanceMonitor has been started!
2016-02-29 03:30:53,996 [13444] DEBUG ReadOnlyServer - R54IN0 FORMAT SENDING (TYPE: Customer, BYTE SIZE: 986)
2016-02-29 03:30:54,595 [10908] DEBUG ReadOnlyServer - R54IN0 FORMAT SENDING (TYPE: Employee, BYTE SIZE: 674)
2016-02-29 03:30:54,778 [13444] DEBUG ReadOnlyServer - R54IN0 FORMAT SENDING (TYPE: Maker, BYTE SIZE: 1151)
2016-02-29 03:30:54,949 [10908] DEBUG ReadOnlyServer - R54IN0 FORMAT SENDING (TYPE: Measure, BYTE SIZE: 360)
2016-02-29 03:30:55,163 [13444] DEBUG ReadOnlyServer - R54IN0 FORMAT SENDING (TYPE: Product, BYTE SIZE: 874)
2016-02-29 03:30:55,348 [10908] DEBUG ReadOnlyServer - R54IN0 FORMAT SENDING (TYPE: Project, BYTE SIZE: 497)
2016-02-29 03:30:55,523 [10908] DEBUG ReadOnlyServer - R54IN0 FORMAT SENDING (TYPE: Supplier, BYTE SIZE: 986)
2016-02-29 03:30:55,702 [11316] DEBUG ReadOnlyServer - R54IN0 FORMAT SENDING (TYPE: Warehouse, BYTE SIZE: 626)
2016-02-29 03:30:55,898 [10908] DEBUG ReadOnlyServer - R54IN0 FORMAT SENDING (TYPE: InventoryFormat, BYTE SIZE: 6863)
2016-02-29 03:31:19,266 [11316] DEBUG ReadOnlyServer - R54IN0 FORMAT SENDING (TYPE: IOStockFormat, BYTE SIZE: 3911)
2016-02-29 03:31:20,153 [11316] DEBUG ReadOnlyServer - R54IN0 FORMAT SENDING (TYPE: IOStockFormat, BYTE SIZE: 11849)
2016-02-29 03:31:23,276 [11316] DEBUG ReadOnlyServer - R54IN0 FORMAT SENDING (TYPE: IOStockFormat, BYTE SIZE: 11849)
2016-02-29 03:31:27,143 [10908] DEBUG ReadOnlyServer - R54IN0 FORMAT SENDING (TYPE: IOStockFormat, BYTE SIZE: 11849)
2016-02-29 03:31:30,879 [10908] DEBUG ReadOnlyServer - R54IN0 FORMAT SENDING (TYPE: IOStockFormat, BYTE SIZE: 11849)
2016-02-29 03:31:33,208 [13444] DEBUG ReadOnlyServer - R54IN0 FORMAT SENDING (TYPE: IOStockFormat, BYTE SIZE: 11849)
2016-02-29 03:31:34,804 [10908] DEBUG ReadOnlyServer - R54IN0 FORMAT SENDING (TYPE: IOStockFormat, BYTE SIZE: 11849)
2016-02-29 03:31:37,582 [13444] DEBUG ReadOnlyServer - R54IN0 FORMAT SENDING (TYPE: IOStockFormat, BYTE SIZE: 11849)
2016-02-29 03:31:40,848 [13444] DEBUG ReadOnlyServer - R54IN0 FORMAT SENDING (TYPE: IOStockFormat, BYTE SIZE: 11849)
2016-02-29 03:34:45,826 [13560] DEBUG ReadOnlyServer - R54IN0 FORMAT SENDING (TYPE: Customer, BYTE SIZE: 986)
2016-02-29 03:34:46,084 [10908] DEBUG ReadOnlyServer - R54IN0 FORMAT SENDING (TYPE: Employee, BYTE SIZE: 674)
2016-02-29 03:34:46,562 [13444] DEBUG ReadOnlyServer - R54IN0 FORMAT SENDING (TYPE: Maker, BYTE SIZE: 1151)
2016-02-29 03:34:46,747 [13560] DEBUG ReadOnlyServer - R54IN0 FORMAT SENDING (TYPE: Measure, BYTE SIZE: 360)
2016-02-29 03:34:46,946 [10908] DEBUG ReadOnlyServer - R54IN0 FORMAT SENDING (TYPE: Product, BYTE SIZE: 874)
2016-02-29 03:34:47,110 [13444] DEBUG ReadOnlyServer - R54IN0 FORMAT SENDING (TYPE: Project, BYTE SIZE: 497)
2016-02-29 03:34:47,309 [13560] DEBUG ReadOnlyServer - R54IN0 FORMAT SENDING (TYPE: Supplier, BYTE SIZE: 986)
2016-02-29 03:34:47,496 [10908] DEBUG ReadOnlyServer - R54IN0 FORMAT SENDING (TYPE: Warehouse, BYTE SIZE: 626)
2016-02-29 03:34:47,687 [13444] DEBUG ReadOnlyServer - R54IN0 FORMAT SENDING (TYPE: InventoryFormat, BYTE SIZE: 6863)
2016-02-29 03:35:36,274 [13560] DEBUG ReadOnlyServer - R54IN0 FORMAT SENDING (TYPE: Customer, BYTE SIZE: 986)
2016-02-29 03:35:36,520 [10908] DEBUG ReadOnlyServer - R54IN0 FORMAT SENDING (TYPE: Employee, BYTE SIZE: 674)
2016-02-29 03:35:36,991 [13444] DEBUG ReadOnlyServer - R54IN0 FORMAT SENDING (TYPE: Maker, BYTE SIZE: 1151)
2016-02-29 03:35:37,174 [13560] DEBUG ReadOnlyServer - R54IN0 FORMAT SENDING (TYPE: Measure, BYTE SIZE: 360)
2016-02-29 03:35:37,373 [10908] DEBUG ReadOnlyServer - R54IN0 FORMAT SENDING (TYPE: Product, BYTE SIZE: 874)
2016-02-29 03:35:37,580 [13444] DEBUG ReadOnlyServer - R54IN0 FORMAT SENDING (TYPE: Project, BYTE SIZE: 497)
2016-02-29 03:35:37,755 [13560] DEBUG ReadOnlyServer - R54IN0 FORMAT SENDING (TYPE: Supplier, BYTE SIZE: 986)
2016-02-29 03:35:37,947 [10908] DEBUG ReadOnlyServer - R54IN0 FORMAT SENDING (TYPE: Warehouse, BYTE SIZE: 626)
2016-02-29 03:35:38,152 [13444] DEBUG ReadOnlyServer - R54IN0 FORMAT SENDING (TYPE: InventoryFormat, BYTE SIZE: 6863)
2016-02-29 03:35:42,147 [10908] DEBUG ReadOnlyServer - R54IN0 FORMAT SENDING (TYPE: IOStockFormat, BYTE SIZE: 5423)
2016-02-29 03:35:47,400 [11316] DEBUG ReadOnlyServer - R54IN0 FORMAT SENDING (TYPE: IOStockFormat, BYTE SIZE: 11849)
2016-02-29 03:35:48,964 [6772] DEBUG ReadOnlyServer - R54IN0 FORMAT SENDING (TYPE: IOStockFormat, BYTE SIZE: 11849)
2016-02-29 03:35:50,195 [13560] DEBUG ReadOnlyServer - R54IN0 FORMAT SENDING (TYPE: IOStockFormat, BYTE SIZE: 11849)
2016-02-29 03:40:56,196 [9576] DEBUG DefaultBootstrap - The server instance ReadOnlyServer has been created!
2016-02-29 03:40:56,251 [9576] DEBUG ReadOnlyServer - The command PING(R54IN0.Server.PingCommand) has been discovered
2016-02-29 03:40:56,252 [9576] DEBUG ReadOnlyServer - The command QUEF(R54IN0.Server.QueryInstanceCommand) has been discovered
2016-02-29 03:40:56,252 [9576] DEBUG ReadOnlyServer - The command QUEV(R54IN0.Server.QueryValueCommand) has been discovered
2016-02-29 03:40:56,252 [9576] DEBUG ReadOnlyServer - The command SELA(R54IN0.Server.SelectAllCommand) has been discovered
2016-02-29 03:40:56,252 [9576] DEBUG ReadOnlyServer - The command SELO(R54IN0.Server.SelectCommand) has been discovered
2016-02-29 03:40:56,271 [9576] DEBUG DefaultBootstrap - The server instance ReadOnlyServer has been initialized!
2016-02-29 03:40:56,309 [9576] DEBUG DefaultBootstrap - The server instance WriteOnlyServer has been created!
2016-02-29 03:40:56,312 [9576] DEBUG WriteOnlyServer - The command DELT(R54IN0.Server.DeleteCommand) has been discovered
2016-02-29 03:40:56,312 [9576] DEBUG WriteOnlyServer - The command INST(R54IN0.Server.InsertCommand) has been discovered
2016-02-29 03:40:56,312 [9576] DEBUG WriteOnlyServer - The command UPDT(R54IN0.Server.UpdateCommand) has been discovered
2016-02-29 03:40:56,313 [9576] DEBUG DefaultBootstrap - The server instance WriteOnlyServer has been initialized!
2016-02-29 03:40:56,555 [9576] DEBUG DefaultBootstrap - The PerformanceMonitor has been initialized!
2016-02-29 03:40:56,555 [9576] DEBUG DefaultBootstrap - The Bootstrap has been initialized!
2016-02-29 03:40:56,570 [9576] DEBUG ReadOnlyServer - Listener (0.0.0.0:4000) was started
2016-02-29 03:40:56,573 [9576] DEBUG WriteOnlyServer - Listener (0.0.0.0:4001) was started
2016-02-29 03:40:56,578 [9576] DEBUG DefaultBootstrap - The PerformanceMonitor has been started!
2016-02-29 03:41:09,315 [12900] DEBUG ReadOnlyServer - R54IN0 FORMAT SENDING (TYPE: Customer, BYTE SIZE: 986)
2016-02-29 03:41:09,951 [14128] DEBUG ReadOnlyServer - R54IN0 FORMAT SENDING (TYPE: Employee, BYTE SIZE: 674)
2016-02-29 03:41:10,137 [3808] DEBUG ReadOnlyServer - R54IN0 FORMAT SENDING (TYPE: Maker, BYTE SIZE: 1151)
2016-02-29 03:41:10,348 [1200] DEBUG ReadOnlyServer - R54IN0 FORMAT SENDING (TYPE: Measure, BYTE SIZE: 360)
2016-02-29 03:41:10,562 [12900] DEBUG ReadOnlyServer - R54IN0 FORMAT SENDING (TYPE: Product, BYTE SIZE: 874)
2016-02-29 03:41:10,742 [14128] DEBUG ReadOnlyServer - R54IN0 FORMAT SENDING (TYPE: Project, BYTE SIZE: 497)
2016-02-29 03:41:10,908 [3808] DEBUG ReadOnlyServer - R54IN0 FORMAT SENDING (TYPE: Supplier, BYTE SIZE: 986)
2016-02-29 03:41:11,085 [1200] DEBUG ReadOnlyServer - R54IN0 FORMAT SENDING (TYPE: Warehouse, BYTE SIZE: 626)
2016-02-29 03:41:11,257 [12900] DEBUG ReadOnlyServer - R54IN0 FORMAT SENDING (TYPE: InventoryFormat, BYTE SIZE: 6868)
2016-02-29 03:41:17,925 [12900] DEBUG ReadOnlyServer - R54IN0 FORMAT SENDING (TYPE: IOStockFormat, BYTE SIZE: 6179)
2016-02-29 03:41:29,217 [1200] DEBUG ReadOnlyServer - R54IN0 FORMAT SENDING (TYPE: IOStockFormat, BYTE SIZE: 11849)
2016-02-29 03:41:30,720 [3808] DEBUG ReadOnlyServer - R54IN0 FORMAT SENDING (TYPE: IOStockFormat, BYTE SIZE: 11849)
2016-02-29 03:41:32,641 [14128] DEBUG ReadOnlyServer - R54IN0 FORMAT SENDING (TYPE: IOStockFormat, BYTE SIZE: 11849)
2016-02-29 03:41:35,349 [12900] DEBUG ReadOnlyServer - R54IN0 FORMAT SENDING (TYPE: IOStockFormat, BYTE SIZE: 11849)
2016-02-29 03:41:36,609 [12900] DEBUG ReadOnlyServer - R54IN0 FORMAT SENDING (TYPE: IOStockFormat, BYTE SIZE: 9581)
2016-02-29 03:41:37,787 [14128] DEBUG ReadOnlyServer - R54IN0 FORMAT SENDING (TYPE: IOStockFormat, BYTE SIZE: 11849)
